<?xml version="1.0" encoding="UTF-8"?>
<!-- Generated by org.testng.reporters.JUnitXMLReporter -->
<testsuite ignored="3" hostname="DESKTOP-3R28KS4" failures="0" tests="1" name="Login_With_Locked_User_TC" time="10.586" errors="0" timestamp="2022-11-15T14:35:51 GST">
  <testcase classname="tests.LoginPageTest" name="loginWithLockedOutUser" time="4.97"/>
  <testcase classname="tests.LoginPageTest" name="loginWithProblemUser" time="0.0">
    <ignored/>
  </testcase> <!-- loginWithProblemUser -->
  <testcase classname="tests.LoginPageTest" name="login" time="0.0">
    <ignored/>
  </testcase> <!-- login -->
  <testcase classname="tests.LoginPageTest" name="loginWithGlitchUser" time="0.0">
    <ignored/>
  </testcase> <!-- loginWithGlitchUser -->
</testsuite> <!-- Login_With_Locked_User_TC -->
