<?xml version="1.0" encoding="UTF-8"?>
<!-- Generated by org.testng.reporters.JUnitXMLReporter -->
<testsuite ignored="5" hostname="DESKTOP-3R28KS4" failures="0" tests="3" name="Login_With_Standard_User_TC" time="22.068" errors="0" timestamp="2022-11-15T14:35:40 GST">
  <testcase classname="tests.LoginPageTest" name="login" time="2.292"/>
  <testcase classname="tests.InventoryPageTest" name="confirmInventoryPage" time="0.098"/>
  <testcase classname="tests.InventoryPageTest" name="prodectSelection" time="11.245"/>
  <testcase classname="pages.BasePage" name="@AfterTest quitBrowser" time="0.0">
    <ignored/>
  </testcase> <!-- @AfterTest quitBrowser -->
  <testcase classname="pages.BasePage" name="@BeforeTest setup" time="0.0">
    <ignored/>
  </testcase> <!-- @BeforeTest setup -->
  <testcase classname="tests.LoginPageTest" name="loginWithProblemUser" time="0.0">
    <ignored/>
  </testcase> <!-- loginWithProblemUser -->
  <testcase classname="tests.LoginPageTest" name="loginWithGlitchUser" time="0.0">
    <ignored/>
  </testcase> <!-- loginWithGlitchUser -->
  <testcase classname="tests.LoginPageTest" name="loginWithLockedOutUser" time="0.0">
    <ignored/>
  </testcase> <!-- loginWithLockedOutUser -->
</testsuite> <!-- Login_With_Standard_User_TC -->
