<?xml version="1.0" encoding="UTF-8"?>
<!-- Generated by org.testng.reporters.JUnitXMLReporter -->
<testsuite ignored="5" hostname="DESKTOP-3R28KS4" failures="0" tests="3" name="Login_with_Glitch_User_TC" time="36.795" errors="0" timestamp="2022-11-15T14:36:34 GST">
  <testcase classname="tests.LoginPageTest" name="loginWithGlitchUser" time="5.717"/>
  <testcase classname="tests.InventoryPageTest" name="confirmInventoryPage" time="0.196"/>
  <testcase classname="tests.InventoryPageTest" name="prodectSelection" time="26.856"/>
  <testcase classname="pages.BasePage" name="@AfterTest quitBrowser" time="0.0">
    <ignored/>
  </testcase> <!-- @AfterTest quitBrowser -->
  <testcase classname="pages.BasePage" name="@BeforeTest setup" time="0.0">
    <ignored/>
  </testcase> <!-- @BeforeTest setup -->
  <testcase classname="tests.LoginPageTest" name="loginWithProblemUser" time="0.0">
    <ignored/>
  </testcase> <!-- loginWithProblemUser -->
  <testcase classname="tests.LoginPageTest" name="login" time="0.0">
    <ignored/>
  </testcase> <!-- login -->
  <testcase classname="tests.LoginPageTest" name="loginWithLockedOutUser" time="0.0">
    <ignored/>
  </testcase> <!-- loginWithLockedOutUser -->
</testsuite> <!-- Login_with_Glitch_User_TC -->
